<?xml version="1.0" encoding="UTF-8"?>
<!-- Generated by org.testng.reporters.JUnitXMLReporter -->
<testsuite ignored="5" hostname="LAPTOP-LO7MB9TB" failures="0" tests="11" name="Default test" time="0.282" errors="0" timestamp="2021-02-16T22:05:09 IST">
  <testcase classname="com.royalcarribbean.utility.Driver" name="@BeforeTest setupDriver" time="-1.613493309451E9">
    <failure type="org.testng.TestNGException" message="
Parameter &amp;apos;browser&amp;apos; is required by BeforeTest on method setupDriver but has not been marked @Optional or defined
in C:\Users\91955\AppData\Local\Temp\testng-eclipse--1462386039\testng-customsuite.xml">
      <![CDATA[org.testng.TestNGException: 
Parameter 'browser' is required by BeforeTest on method setupDriver but has not been marked @Optional or defined
in C:\Users\91955\AppData\Local\Temp\testng-eclipse--1462386039\testng-customsuite.xml
at org.testng.internal.Parameters.createParams(Parameters.java:268)
at org.testng.internal.Parameters.createParametersForMethod(Parameters.java:356)
at org.testng.internal.Parameters.createParameters(Parameters.java:700)
at org.testng.internal.Parameters.createConfigurationParameters(Parameters.java:166)
at org.testng.internal.ConfigInvoker.invokeConfigurations(ConfigInvoker.java:301)
at org.testng.TestRunner.invokeTestConfigurations(TestRunner.java:617)
at org.testng.TestRunner.beforeRun(TestRunner.java:607)
at org.testng.TestRunner.run(TestRunner.java:578)
at org.testng.SuiteRunner.runTest(SuiteRunner.java:384)
at org.testng.SuiteRunner.runSequentially(SuiteRunner.java:378)
at org.testng.SuiteRunner.privateRun(SuiteRunner.java:337)
at org.testng.SuiteRunner.run(SuiteRunner.java:286)
at org.testng.SuiteRunnerWorker.runSuite(SuiteRunnerWorker.java:53)
at org.testng.SuiteRunnerWorker.run(SuiteRunnerWorker.java:96)
at org.testng.TestNG.runSuitesSequentially(TestNG.java:1218)
at org.testng.TestNG.runSuitesLocally(TestNG.java:1140)
at org.testng.TestNG.runSuites(TestNG.java:1069)
at org.testng.TestNG.run(TestNG.java:1037)
at org.testng.remote.AbstractRemoteTestNG.run(AbstractRemoteTestNG.java:115)
at org.testng.remote.RemoteTestNG.initAndRun(RemoteTestNG.java:251)
at org.testng.remote.RemoteTestNG.main(RemoteTestNG.java:77)
]]>
    </failure>
  </testcase> <!-- @BeforeTest setupDriver -->
  <testcase classname="com.royalcarribbean.utility.LibraryFunctions" name="@BeforeTest initializeThePropertiesFile" time="-1.613493309482E9">
    <skipped/>
  </testcase> <!-- @BeforeTest initializeThePropertiesFile -->
  <testcase classname="com.royalcarribbean.utility.Driver" name="@AfterTest killTheBrowser" time="-1.613493309721E9">
    <skipped/>
  </testcase> <!-- @AfterTest killTheBrowser -->
  <testcase classname="com.royalcarribbean.testcases.TestCase" name="handlePopUp" time="0.0">
    <skipped/>
  </testcase> <!-- handlePopUp -->
  <testcase classname="com.royalcarribbean.testcases.TestCase" name="scroll" time="0.0">
    <skipped/>
  </testcase> <!-- scroll -->
  <testcase classname="com.royalcarribbean.testcases.TestCase" name="isHolidayCruiseElementPresent" time="0.0">
    <skipped/>
  </testcase> <!-- isHolidayCruiseElementPresent -->
  <testcase classname="com.royalcarribbean.testcases.TestCase" name="clickOnHolidayCruise" time="0.0">
    <skipped/>
  </testcase> <!-- clickOnHolidayCruise -->
  <testcase classname="com.royalcarribbean.testcases.TestCase" name="isSearchButtonPresentandclickOnIt" time="0.0">
    <skipped/>
  </testcase> <!-- isSearchButtonPresentandclickOnIt -->
  <testcase classname="com.royalcarribbean.testcases.TestCase" name="DoTheSearch" time="0.0">
    <skipped/>
  </testcase> <!-- DoTheSearch -->
  <testcase classname="com.royalcarribbean.testcases.TestCase" name="compareResults" time="0.0">
    <skipped/>
  </testcase> <!-- compareResults -->
  <testcase classname="com.royalcarribbean.testcases.TestCase" name="findAndclickOnResult" time="0.0">
    <skipped/>
  </testcase> <!-- findAndclickOnResult -->
  <testcase classname="com.royalcarribbean.testcases.TestCase" name="isImagePresent" time="0.0">
    <skipped/>
  </testcase> <!-- isImagePresent -->
  <testcase classname="com.royalcarribbean.testcases.TestCase" name="selectView" time="0.0">
    <skipped/>
  </testcase> <!-- selectView -->
  <testcase classname="com.royalcarribbean.testcases.TestCase" name="isRoyalSuitePresent" time="0.0">
    <skipped/>
  </testcase> <!-- isRoyalSuitePresent -->
  <testcase classname="com.royalcarribbean.utility.Driver" name="@BeforeTest setupDriver" time="0.0">
    <ignored/>
  </testcase> <!-- @BeforeTest setupDriver -->
  <testcase classname="com.royalcarribbean.utility.Driver" name="@BeforeTest setupDriver" time="0.0">
    <ignored/>
  </testcase> <!-- @BeforeTest setupDriver -->
  <testcase classname="com.royalcarribbean.utility.Driver" name="@AfterTest killTheBrowser" time="0.0">
    <ignored/>
  </testcase> <!-- @AfterTest killTheBrowser -->
  <testcase classname="com.royalcarribbean.utility.Driver" name="@AfterTest killTheBrowser" time="0.0">
    <ignored/>
  </testcase> <!-- @AfterTest killTheBrowser -->
  <testcase classname="com.royalcarribbean.utility.LibraryFunctions" name="@BeforeTest initializeThePropertiesFile" time="0.0">
    <ignored/>
  </testcase> <!-- @BeforeTest initializeThePropertiesFile -->
</testsuite> <!-- Default test -->
